<?xml version="1.0" encoding="UTF-8"?>
<!-- Generated by org.testng.reporters.JUnitReportReporter -->
<testsuite skipped="0" hostname="Riyaans-MacBook-Air.local" name="com.appium.setup.ByClassDemo" tests="1" failures="0" timestamp="2021-12-06T10:58:30 IST" time="11.706" errors="0">
  <testcase name="test1" time="11.706" classname="com.appium.setup.ByClassDemo"/>
  <system-out/>
</testsuite> <!-- com.appium.setup.ByClassDemo -->
