<?xml version="1.0" encoding="UTF-8"?>
<!-- Generated by org.testng.reporters.JUnitReportReporter -->
<testsuite skipped="0" hostname="Riyaans-MacBook-Air.local" name="com.appium.setup.Setup" tests="1" failures="0" timestamp="2021-12-06T10:07:03 IST" time="10.817" errors="0">
  <testcase name="test1" time="10.817" classname="com.appium.setup.Setup"/>
  <system-out/>
</testsuite> <!-- com.appium.setup.Setup -->
